2024-09-02 12:29:15,235 INFO Set uid to user 0 succeeded
2024-09-02 12:29:15,238 INFO supervisord started with pid 1
2024-09-02 12:29:16,241 INFO spawned: 'server' with pid 7
2024-09-02 12:29:17,242 INFO success: server entered RUNNING state, process has stayed up for > than 1 seconds (startsecs)
2024-09-02 12:30:43,333 WARN received SIGTERM indicating exit request
2024-09-02 12:30:43,333 INFO waiting for server to die
2024-09-02 12:30:43,367 INFO stopped: server (exit status 0)
2024-09-02 12:31:01,226 INFO Set uid to user 0 succeeded
2024-09-02 12:31:01,229 INFO supervisord started with pid 1
2024-09-02 12:31:02,231 INFO spawned: 'server' with pid 7
2024-09-02 12:31:02,232 WARN received SIGTERM indicating exit request
2024-09-02 12:31:02,232 INFO waiting for server to die
2024-09-02 12:31:05,235 INFO waiting for server to die
2024-09-02 12:31:08,239 INFO waiting for server to die
2024-09-02 12:31:11,242 INFO waiting for server to die
2024-09-02 12:33:42,103 INFO Set uid to user 0 succeeded
2024-09-02 12:33:42,106 INFO supervisord started with pid 1
2024-09-02 12:33:43,109 INFO spawned: 'server' with pid 6
2024-09-02 12:33:44,111 INFO success: server entered RUNNING state, process has stayed up for > than 1 seconds (startsecs)
2024-09-02 12:35:37,225 WARN received SIGTERM indicating exit request
2024-09-02 12:35:37,226 INFO waiting for server to die
2024-09-02 12:35:37,259 INFO stopped: server (exit status 0)
2024-09-02 12:41:31,496 CRIT Supervisor is running as root.  Privileges were not dropped because no user is specified in the config file.  If you intend to run as root, you can set user=root in the config file to avoid this message.
2024-09-02 12:41:31,501 INFO RPC interface 'supervisor' initialized
2024-09-02 12:41:31,501 CRIT Server 'unix_http_server' running without any HTTP authentication checking
2024-09-02 12:41:31,501 INFO supervisord started with pid 1
2024-09-02 12:41:32,504 INFO spawned: 'server' with pid 6
2024-09-02 12:41:33,506 INFO success: server entered RUNNING state, process has stayed up for > than 1 seconds (startsecs)
2024-09-02 12:42:49,585 WARN received SIGTERM indicating exit request
2024-09-02 12:42:49,586 INFO waiting for server to die
2024-09-02 12:42:50,623 INFO stopped: server (exit status 0)
2024-09-02 12:43:09,696 CRIT Supervisor is running as root.  Privileges were not dropped because no user is specified in the config file.  If you intend to run as root, you can set user=root in the config file to avoid this message.
2024-09-02 12:43:09,701 INFO RPC interface 'supervisor' initialized
2024-09-02 12:43:09,701 CRIT Server 'unix_http_server' running without any HTTP authentication checking
2024-09-02 12:43:09,701 INFO supervisord started with pid 1
2024-09-02 12:43:10,704 INFO spawned: 'server' with pid 7
2024-09-02 12:43:11,706 INFO success: server entered RUNNING state, process has stayed up for > than 1 seconds (startsecs)
2024-09-02 12:43:11,706 WARN received SIGTERM indicating exit request
2024-09-02 12:43:11,706 INFO waiting for server to die
2024-09-02 12:43:11,737 INFO stopped: server (exit status 0)
2024-09-02 12:46:40,191 CRIT Supervisor is running as root.  Privileges were not dropped because no user is specified in the config file.  If you intend to run as root, you can set user=root in the config file to avoid this message.
2024-09-02 12:46:40,196 INFO RPC interface 'supervisor' initialized
2024-09-02 12:46:40,196 CRIT Server 'unix_http_server' running without any HTTP authentication checking
2024-09-02 12:46:40,197 INFO supervisord started with pid 1
2024-09-02 12:46:41,200 INFO spawned: 'server' with pid 7
2024-09-02 12:46:42,202 INFO success: server entered RUNNING state, process has stayed up for > than 1 seconds (startsecs)
2024-09-02 12:46:47,208 WARN received SIGTERM indicating exit request
2024-09-02 12:46:47,208 INFO waiting for server to die
2024-09-02 12:46:47,251 INFO stopped: server (exit status 0)
2024-09-02 12:47:00,866 CRIT Supervisor is running as root.  Privileges were not dropped because no user is specified in the config file.  If you intend to run as root, you can set user=root in the config file to avoid this message.
2024-09-02 12:47:00,871 INFO RPC interface 'supervisor' initialized
2024-09-02 12:47:00,871 CRIT Server 'unix_http_server' running without any HTTP authentication checking
2024-09-02 12:47:00,872 INFO supervisord started with pid 1
2024-09-02 12:47:01,875 INFO spawned: 'server' with pid 7
2024-09-02 12:47:02,876 INFO success: server entered RUNNING state, process has stayed up for > than 1 seconds (startsecs)
2024-09-02 12:47:10,220 INFO waiting for server to stop
2024-09-02 12:47:10,244 INFO stopped: server (exit status 0)
2024-09-02 12:47:19,254 INFO reaped unknown pid 50 (terminated by SIGINT)
2024-09-02 12:47:19,254 INFO reaped unknown pid 51 (terminated by SIGINT)
2024-09-02 12:47:19,254 INFO reaped unknown pid 52 (terminated by SIGINT)
2024-09-02 12:47:19,254 INFO reaped unknown pid 53 (terminated by SIGINT)
2024-09-02 12:47:19,255 INFO reaped unknown pid 54 (terminated by SIGINT)
2024-09-02 12:47:19,256 INFO reaped unknown pid 55 (terminated by SIGINT)
2024-09-02 12:47:19,256 INFO reaped unknown pid 56 (terminated by SIGINT)
2024-09-02 12:47:19,256 INFO reaped unknown pid 57 (terminated by SIGINT)
2024-09-02 12:47:19,257 INFO reaped unknown pid 58 (terminated by SIGINT)
2024-09-02 12:47:19,257 INFO reaped unknown pid 60 (terminated by SIGINT)
2024-09-02 12:47:19,257 INFO reaped unknown pid 61 (terminated by SIGINT)
2024-09-02 12:47:19,257 INFO reaped unknown pid 62 (terminated by SIGINT)
2024-09-02 12:47:19,258 INFO reaped unknown pid 63 (terminated by SIGINT)
2024-09-02 12:47:19,258 INFO reaped unknown pid 64 (terminated by SIGINT)
2024-09-02 12:47:19,259 INFO reaped unknown pid 65 (terminated by SIGINT)
2024-09-02 12:47:19,259 INFO reaped unknown pid 66 (terminated by SIGINT)
2024-09-02 12:47:19,259 INFO reaped unknown pid 67 (terminated by SIGINT)
2024-09-02 12:47:19,259 INFO reaped unknown pid 68 (terminated by SIGINT)
2024-09-02 12:47:19,259 INFO reaped unknown pid 69 (terminated by SIGINT)
2024-09-02 12:47:19,259 INFO reaped unknown pid 70 (terminated by SIGINT)
2024-09-02 12:47:19,259 INFO reaped unknown pid 71 (terminated by SIGINT)
2024-09-02 12:47:19,259 INFO reaped unknown pid 72 (terminated by SIGINT)
2024-09-02 12:47:19,259 INFO reaped unknown pid 73 (terminated by SIGINT)
2024-09-02 12:47:19,260 INFO reaped unknown pid 45 (terminated by SIGINT)
2024-09-02 12:47:21,263 WARN received SIGTERM indicating exit request
2024-09-02 14:46:20,405 CRIT Supervisor is running as root.  Privileges were not dropped because no user is specified in the config file.  If you intend to run as root, you can set user=root in the config file to avoid this message.
2024-09-02 14:46:20,417 INFO RPC interface 'supervisor' initialized
2024-09-02 14:46:20,417 CRIT Server 'unix_http_server' running without any HTTP authentication checking
2024-09-02 14:46:20,417 INFO supervisord started with pid 1
2024-09-02 14:46:21,421 INFO spawned: 'server' with pid 7
2024-09-02 14:46:22,422 INFO success: server entered RUNNING state, process has stayed up for > than 1 seconds (startsecs)
2024-09-02 14:49:24,608 WARN received SIGTERM indicating exit request
2024-09-02 14:49:24,608 INFO waiting for server to die
2024-09-02 14:49:24,638 INFO stopped: server (exit status 0)
2024-09-02 14:49:36,721 CRIT Supervisor is running as root.  Privileges were not dropped because no user is specified in the config file.  If you intend to run as root, you can set user=root in the config file to avoid this message.
2024-09-02 14:49:36,726 INFO RPC interface 'supervisor' initialized
2024-09-02 14:49:36,726 CRIT Server 'unix_http_server' running without any HTTP authentication checking
2024-09-02 14:49:36,726 INFO supervisord started with pid 1
2024-09-02 14:49:37,728 INFO spawned: 'server' with pid 8
2024-09-02 14:49:38,730 INFO success: server entered RUNNING state, process has stayed up for > than 1 seconds (startsecs)
